<?xml version="1.0" encoding="UTF-8"?>
<!-- Generated by org.testng.reporters.JUnitReportReporter -->
<testsuite hostname="rakesh" failures="0" tests="1" name="scripts.tc3" time="0.002" errors="0" timestamp="2023-02-11T15:35:52 IST" skipped="0">
  <testcase classname="scripts.tc3" name="demo" time="0.002"/>
  <system-out>
    <![CDATA[hi selenium]]>
  </system-out>
</testsuite> <!-- scripts.tc3 -->
