<?xml version="1.0" encoding="UTF-8"?>
<!-- Generated by org.testng.reporters.JUnitReportReporter -->
<testsuite hostname="rakesh" failures="0" tests="1" name="scripts.tc2" time="0.014" errors="0" timestamp="2023-02-11T15:35:52 IST" skipped="0">
  <testcase classname="scripts.tc2" name="demo" time="0.014"/>
  <system-out>
    <![CDATA[hello]]>
  </system-out>
</testsuite> <!-- scripts.tc2 -->
