<?xml version="1.0" encoding="UTF-8"?>
<!-- Generated by org.testng.reporters.JUnitReportReporter -->
<testsuite hostname="rakesh" failures="0" tests="1" name="scripts.tc4" time="0.006" errors="0" timestamp="2023-02-11T15:27:32 IST" skipped="0">
  <testcase classname="scripts.tc4" name="demo" time="0.006"/>
  <system-out>
    <![CDATA[hello]]>
  </system-out>
</testsuite> <!-- scripts.tc4 -->
