<?xml version="1.0" encoding="UTF-8"?>
<!-- Generated by org.testng.reporters.JUnitReportReporter -->
<testsuite hostname="rakesh" failures="0" tests="1" name="scripts.tc1" time="0.003" errors="0" timestamp="2023-02-11T15:35:52 IST" skipped="0">
  <testcase classname="scripts.tc1" name="demo" time="0.003"/>
  <system-out>
    <![CDATA[hi]]>
  </system-out>
</testsuite> <!-- scripts.tc1 -->
